<?xml version="1.0" encoding="utf-8"?><testsuites name="pytest tests"><testsuite name="pytest" errors="0" failures="0" skipped="0" tests="322" time="64.604" timestamp="2026-03-03T16:16:51.537512+01:00" hostname="MagicMaLudivine"><testcase classname="core.tests.test_structured_data.PedagogyCardStructuredDataTests" name="test_name_equals_title" time="29.041" /><testcase classname="core.tests.test_structured_data.PedagogyCardStructuredDataTests" name="test_no_image_when_hero_image_missing" time="0.155" /><testcase classname="core.tests.test_navigation_tags.SiteRootTagTests" name="test_get_site_root_no_request_in_context" time="29.102" /><testcase classname="core.tests.test_navigation_tags.SiteRootTagTests" name="test_get_site_root_no_sites_exist" time="0.037" /><testcase classname="core.tests.test_navigation_tags.SiteRootTagTests" name="test_get_site_root_returns_root_page" time="0.007" /><testcase classname="core.tests.test_navigation_tags.SiteRootTagTests" name="test_get_site_root_unknown_host_fallback" time="0.006" /><testcase classname="core.tests.test_navigation_tags.SiteRootTagTests" name="test_get_site_root_with_custom_site" time="0.019" /><testcase classname="core.tests.test_structured_data.PedagogyCardStructuredDataTests" name="test_type_is_learning_resource" time="0.086" /><testcase classname="core.tests.test_navigation_tags.LegalPagesTagTests" name="test_get_legal_pages" time="0.270" /><testcase classname="core.tests.test_structured_data.PublicationIndexStructuredDataTests" name="test_description_from_page_introduction" time="0.080" /><testcase classname="core.tests.test_structured_data.ProjectPageStructuredDataTests" name="test_publisher_is_organisation" time="29.720" /><testcase classname="core.tests.test_structured_data.HomePageStructuredDataTests" name="test_no_description_when_empty" time="29.426" /><testcase classname="core.tests.test_structured_data.PublicationIndexStructuredDataTests" name="test_publisher_is_organisation" time="0.067" /><testcase classname="core.tests.test_structured_data.HomePageStructuredDataTests" name="test_type_is_website" time="0.045" /><testcase classname="core.tests.test_structured_data.EventPageStructuredDataTests" name="test_type_is_event" time="29.825" /><testcase classname="core.tests.test_structured_data.PublicationIndexStructuredDataTests" name="test_type_is_collection_page" time="0.062" /><testcase classname="core.tests.test_navigation_tags.LegalPagesTagTests" name="test_get_legal_pages_no_index" time="0.216" /><testcase classname="core.tests.test_structured_data.HomePageStructuredDataTests" name="test_url_is_present" time="0.037" /><testcase classname="core.tests.test_structured_data.ProjectPageStructuredDataTests" name="test_article_section_from_category" time="0.065" /><testcase classname="core.tests.test_structured_data.PedagogyIndexStructuredDataTests" name="test_description_from_page_introduction" time="0.690" /><testcase classname="core.tests.test_structured_data.ProjectPageStructuredDataTests" name="test_description_present" time="0.137" /><testcase classname="core.tests.test_server_starts.ServerStartsTest" name="test_admin_page_loads" time="2.256" /><testcase classname="core.tests.emails.test_tasks.TestAnonymizeOldEmailEvents" name="test_respects_custom_anonymize_days" time="29.816" /><testcase classname="core.tests.test_structured_data.ProjectPageStructuredDataTests" name="test_image_included_when_hero_image_present" time="0.562" /><testcase classname="core.tests.test_structured_data.ProjectPageStructuredDataTests" name="test_type_is_article" time="0.279" /><testcase classname="core.tests.test_auth_mixins.TestEmailValidationMixin" name="test_validate_email_unique_valid_email" time="0.017" /><testcase classname="core.tests.test_structured_data.StructuredDataScriptTagTests" name="test_fallback_for_unknown_page_type" time="0.233" /><testcase classname="core.tests.test_auth_mixins.TestEmailValidationMixin" name="test_validate_email_unique_duplicate_email" time="2.580" /><testcase classname="core.tests.test_structured_data.EventPageStructuredDataTests" name="test_description_present" time="0.388" /><testcase classname="core.tests.test_structured_data.StructuredDataScriptTagTests" name="test_renders_script_tag" time="0.206" /><testcase classname="core.tests.test_structured_data.PedagogyIndexStructuredDataTests" name="test_name_equals_title" time="0.126" /><testcase classname="core.tests.test_structured_data.StructuredDataScriptTagTests" name="test_returns_empty_string_without_page" time="0.170" /><testcase classname="core.tests.test_structured_data.ProjectPageStructuredDataTests" name="test_name_equals_title" time="0.387" /><testcase classname="core.tests.test_structured_data.PedagogyIndexStructuredDataTests" name="test_publisher_is_organisation" time="0.249" /><testcase classname="core.tests.test_structured_data.EventPageStructuredDataTests" name="test_end_date_present" time="0.305" /><testcase classname="core.tests.emails.test_email_event_model.TestEmailEvent" name="test_create_email_event" time="30.431" /><testcase classname="core.tests.test_structured_data.StructuredDataScriptTagTests" name="test_valid_json_in_script_tag" time="0.246" /><testcase classname="core.tests.test_structured_data.PedagogyIndexStructuredDataTests" name="test_type_is_collection_page" time="0.134" /><testcase classname="core.tests.emails.test_tasks.TestSendVerificationEmail" name="test_marks_event_failed_on_failure" time="30.690" /><testcase classname="core.tests.views.test_login.TestLoginForm" name="test_form_invalid_with_empty_data" time="0.004" /><testcase classname="core.tests.views.test_login.TestLoginForm" name="test_form_labels" time="0.004" /><testcase classname="core.tests.views.test_login.TestLoginForm" name="test_form_required_fields" time="0.006" /><testcase classname="core.tests.emails.test_tasks.TestSendVerificationEmail" name="test_returns_false_for_nonexistent_user" time="0.005" /><testcase classname="core.tests.test_structured_data.EventPageStructuredDataTests" name="test_name_equals_title" time="1.519" /><testcase classname="core.tests.views.test_login.TestLoginForm" name="test_form_password_widget_is_password_input" time="0.004" /><testcase classname="core.tests.views.test_login.TestLoginView" name="test_user_logged_in_after_successful_login" time="3.191" /><testcase classname="core.tests.test_templates.test_components.test_website_footer.FooterComponentTest" name="test_footer_render" time="0.122" /><testcase classname="core.tests.test_structured_data.PedagogyCardStructuredDataTests" name="test_date_published_after_publish" time="0.335" /><testcase classname="core.tests.test_templates.test_components.test_website_header.HeaderComponentTest" name="test_header_render" time="0.254" /><testcase classname="core.tests.test_structured_data.PedagogyCardStructuredDataTests" name="test_description_from_card_description" time="0.381" /><testcase classname="core.tests.test_structured_data.PedagogyCardStructuredDataTests" name="test_image_included_when_hero_image_present" time="0.105" /><testcase classname="core.tests.views.test_me.MeViewTests" name="test_me_displays_role_badge" time="2.000" /><testcase classname="core.tests.test_structured_data.HomePageStructuredDataTests" name="test_description_from_search_description" time="0.151" /><testcase classname="core.tests.test_structured_data.HomePageStructuredDataTests" name="test_name_is_site_name" time="0.031" /><testcase classname="core.tests.views.test_email_verify.TestEmailVerifyView" name="test_nonexistent_user_redirects_to_error" time="0.025" /><testcase classname="core.tests.views.test_email_verify.TestEmailVerifySuccessView" name="test_renders_success_page" time="0.055" /><testcase classname="core.tests.test_structured_data.EventPageStructuredDataTests" name="test_offline_attendance_mode" time="0.111" /><testcase classname="core.tests.views.test_email_verify.TestEmailVerifyErrorView" name="test_renders_error_page" time="0.023" /><testcase classname="core.tests.views.test_login.TestLoginForm" name="test_form_valid_with_correct_credentials" time="2.216" /><testcase classname="core.tests.test_structured_data.EventPageStructuredDataTests" name="test_offline_event_has_place_location" time="0.180" /><testcase classname="core.tests.test_auth_mixins.TestEmailValidationMixin" name="test_validate_email_unique_empty_email" time="0.006" /><testcase classname="core.tests.test_auth_mixins.TestEmailValidationMixin" name="test_validate_email_unique_none_email" time="0.004" /><testcase classname="core.tests.test_auth_mixins.TestEmailValidationMixin" name="test_validate_email_unique_non_string_email" time="0.004" /><testcase classname="core.tests.test_blocks" name="test_mock_block_value_handles_all_block_types" time="0.140" /><testcase classname="core.tests.emails.test_email_event_model.TestEmailEvent" name="test_email_event_str" time="2.063" /><testcase classname="core.tests.test_structured_data.EventPageStructuredDataTests" name="test_online_event_has_virtual_location" time="0.439" /><testcase classname="core.tests.test_blocks" name="test_mock_block_value_raises_for_deprecated_block_types" time="0.003" /><testcase classname="core.tests.test_migrations.MigrationTest" name="test_no_pending_migrations" time="0.371" /><testcase classname="core.tests.emails.test_tasks.TestSendVerificationEmail" name="test_generates_correct_verification_url" time="2.034" /><testcase classname="core.tests.views.test_email_verify.TestEmailVerifyView" name="test_valid_token_verifies_user" time="1.882" /><testcase classname="core.tests.test_structured_data.EventPageStructuredDataTests" name="test_organizer_is_organisation" time="0.103" /><testcase classname="core.tests.test_navigation_tags.SiteRootTagTests" name="test_get_site_root_in_template" time="0.052" /><testcase classname="core.tests.test_structured_data.EventPageStructuredDataTests" name="test_start_date_present" time="0.117" /><testcase classname="core.tests.views.test_profile_edit.ProfileEditViewTests" name="test_invalid_postal_code_validation" time="1.146" /><testcase classname="core.tests.emails.test_email_event_model.TestEmailEvent" name="test_user_deletion_sets_null" time="1.094" /><testcase classname="core.tests.views.test_me.MeViewTests" name="test_me_displays_verified_status" time="0.851" /><testcase classname="core.tests.emails.test_tasks.TestSendPasswordResetEmail" name="test_creates_email_event" time="1.031" /><testcase classname="core.tests.views.test_login.TestLoginView" name="test_login_redirects_to_current_page" time="1.746" /><testcase classname="core.tests.views.test_email_verify.TestEmailVerifyView" name="test_invalid_token_redirects_to_error" time="1.100" /><testcase classname="core.tests.views.test_password_reset.TestPasswordResetConfirmView" name="test_weak_password_shows_error" time="2.527" /><testcase classname="core.tests.views.test_profile_edit.ProfileEditViewTests" name="test_profile_edit_displays_form" time="0.936" /><testcase classname="core.tests.views.test_login.TestLoginForm" name="test_form_invalid_with_wrong_password" time="1.799" /><testcase classname="core.tests.views.test_me.MeViewTests" name="test_me_unauthenticated_redirects_to_login" time="0.948" /><testcase classname="core.tests.emails.test_email_event_model.TestEmailEvent" name="test_default_status_is_pending" time="1.046" /><testcase classname="core.tests.emails.test_email_event_model.TestEmailEvent" name="test_event_type_choices" time="0.004" /><testcase classname="core.tests.emails.test_tasks.TestSendPasswordResetEmail" name="test_marks_event_sent_on_success" time="0.898" /><testcase classname="core.tests.emails.test_email_event_model.TestEmailEvent" name="test_event_status_choices" time="0.002" /><testcase classname="core.tests.emails.test_services.TestConsoleEmailService" name="test_send_verification_email" time="0.883" /><testcase classname="core.tests.views.test_email_verify.TestEmailVerifyView" name="test_already_verified_user_still_succeeds" time="0.863" /><testcase classname="core.tests.views.test_register.TestUserRegistrationForm" name="test_form_invalid_with_duplicate_email" time="0.881" /><testcase classname="core.tests.views.test_profile_edit.ProfileEditViewTests" name="test_profile_edit_form_prepopulated" time="1.243" /><testcase classname="core.tests.views.test_password_reset.TestPasswordResetRequestView" name="test_renders_request_form" time="0.024" /><testcase classname="core.tests.emails.test_tasks.TestSendPasswordResetEmail" name="test_marks_event_failed_on_failure" time="0.847" /><testcase classname="core.tests.emails.test_tasks.TestSendPasswordResetEmail" name="test_returns_false_for_nonexistent_user" time="0.003" /><testcase classname="core.tests.emails.test_services.TestConsoleEmailService" name="test_send_password_reset_email" time="0.952" /><testcase classname="core.tests.views.test_password_reset.TestPasswordResetErrorView" name="test_renders_error_page" time="0.034" /><testcase classname="core.tests.views.test_password_reset.TestPasswordResetCompleteView" name="test_renders_complete_page" time="0.019" /><testcase classname="core.tests.views.test_profile_edit.ProfileEditViewTests" name="test_duplicate_email_validation" time="1.959" /><testcase classname="core.tests.views.test_login.TestLoginView" name="test_login_without_next_redirects_to_root_for_regular_user" time="1.804" /><testcase classname="core.tests.views.test_register.TestUserRegistrationForm" name="test_form_invalid_with_password_mismatch" time="0.005" /><testcase classname="core.tests.views.test_register.TestUserRegistrationForm" name="test_form_invalid_with_weak_password" time="0.006" /><testcase classname="core.tests.views.test_register.TestUserRegistrationForm" name="test_form_invalid_without_uppercase_in_password" time="0.005" /><testcase classname="core.tests.views.test_register.TestUserRegistrationForm" name="test_form_invalid_without_digit_in_password" time="0.005" /><testcase classname="core.tests.views.test_register.TestUserRegistrationForm" name="test_form_invalid_without_accepting_terms" time="0.004" /><testcase classname="core.tests.views.test_register.TestUserRegistrationForm" name="test_form_invalid_with_missing_email" time="0.004" /><testcase classname="core.tests.views.test_register.TestUserRegistrationForm" name="test_form_invalid_with_invalid_email_format" time="0.304" /><testcase classname="core.tests.views.test_register.TestUserRegistrationForm" name="test_form_invalid_with_missing_required_fields" time="0.002" /><testcase classname="core.tests.views.test_register.TestUserRegistrationForm" name="test_form_labels" time="0.004" /><testcase classname="legal.tests.test_models.test_cookies_policy.CookiesPolicyPageTests" name="test_cannot_create_cookies_policy_page_under_other_pages" time="0.007" /><testcase classname="legal.tests.test_models.test_cookies_policy.CookiesPolicyPageTests" name="test_cookies_policy_page_should_exist" time="0.008" /><testcase classname="legal.tests.test_models.test_legal_index.LegalIndexPageTests" name="test_can_create_legal_index_page_under_home_page" time="0.003" /><testcase classname="legal.tests.test_models.test_legal_index.LegalIndexPageTests" name="test_cannot_create_legal_index_page_under_other_pages" time="0.026" /><testcase classname="legal.tests.test_models.test_legal_index.LegalIndexPageTests" name="test_legal_index_page_is_subpage_of_home_page" time="0.007" /><testcase classname="legal.tests.test_models.test_legal_index.LegalIndexPageTests" name="test_legal_index_page_should_exist" time="0.008" /><testcase classname="core.tests.views.test_login.TestLoginForm" name="test_form_invalid_with_nonexistent_email" time="0.931" /><testcase classname="legal.tests.test_models.test_legal_index.LegalIndexPageTests" name="test_legal_index_page_slug" time="0.007" /><testcase classname="legal.tests.test_models.test_privacy_policy.PrivacyPolicyPageTests" name="test_can_create_privacy_policy_page_under_legal_index_page" time="0.006" /><testcase classname="legal.tests.test_models.test_privacy_policy.PrivacyPolicyPageTests" name="test_cannot_create_privacy_policy_page_under_other_pages" time="0.009" /><testcase classname="legal.tests.test_models.test_privacy_policy.PrivacyPolicyPageTests" name="test_privacy_policy_page_should_exist" time="0.009" /><testcase classname="legal.tests.test_models.test_terms_of_service.TermsOfServicePageTests" name="test_can_create_terms_of_service_page_under_legal_index_page" time="0.027" /><testcase classname="legal.tests.test_models.test_terms_of_service.TermsOfServicePageTests" name="test_cannot_create_terms_of_service_page_under_other_pages" time="0.005" /><testcase classname="legal.tests.test_models.test_terms_of_service.TermsOfServicePageTests" name="test_terms_of_service_page_should_exist" time="0.014" /><testcase classname="legal.tests.test_views.test_code_of_conduct_consent_view.TestCodeOfConductConsentViewGet" name="test_unauthenticated_redirects_to_login" time="0.004" /><testcase classname="core.tests.views.test_password_reset.TestPasswordResetRequestView" name="test_valid_email_sends_reset_email" time="1.053" /><testcase classname="core.tests.emails.test_tasks.TestSendPasswordResetEmail" name="test_generates_correct_reset_url" time="0.990" /><testcase classname="core.tests.views.test_profile_edit.ProfileEditViewTests" name="test_profile_edit_unauthenticated_redirects" time="0.855" /><testcase classname="core.tests.views.test_password_reset.TestPasswordResetRequestView" name="test_nonexistent_email_still_redirects" time="0.007" /><testcase classname="core.tests.views.test_password_reset.TestPasswordResetRequestView" name="test_invalid_email_shows_error" time="0.043" /><testcase classname="core.tests.views.test_password_reset.TestPasswordResetSentView" name="test_renders_sent_page" time="0.032" /><testcase classname="core.tests.views.test_login.TestLoginForm" name="test_form_invalid_without_email" time="0.004" /><testcase classname="core.tests.views.test_login.TestLoginForm" name="test_form_invalid_without_password" time="0.003" /><testcase classname="core.tests.views.test_login.TestLoginForm" name="test_form_invalid_with_invalid_email_format" time="0.003" /><testcase classname="legal.tests.test_views.test_code_of_conduct_consent_view.TestCodeOfConductConsentViewGet" name="test_with_valid_consent_redirects_to_me_if_no_override" time="0.900" /><testcase classname="core.tests.emails.test_tasks.TestSendVerificationEmail" name="test_creates_email_event" time="0.855" /><testcase classname="core.tests.views.test_profile_edit.ProfileEditViewTests" name="test_profile_update_success" time="1.116" /><testcase classname="core.tests.emails.test_tasks.TestAnonymizeOldEmailEvents" name="test_anonymizes_old_events" time="0.863" /><testcase classname="core.tests.views.test_login.TestLoginView" name="test_login_without_next_redirects_to_admin_for_staff_user" time="2.974" /><testcase classname="core.tests.views.test_password_reset.TestPasswordResetConfirmView" name="test_valid_token_renders_form" time="0.884" /><testcase classname="core.tests.views.test_password_reset.TestPasswordResetConfirmView" name="test_invalid_token_redirects_to_error" time="0.004" /><testcase classname="core.tests.views.test_profile_edit.ProfileEditViewTests" name="test_email_change_marks_as_unverified" time="1.053" /><testcase classname="legal.tests.test_views.test_code_of_conduct_consent_view.TestCodeOfConductConsentViewPost" name="test_valid_form_with_next_redirects_to_next" time="0.966" /><testcase classname="legal.tests.test_views.test_code_of_conduct_consent_view.TestCodeOfConductConsentViewGet" name="test_with_valid_consent_redirects_to_next" time="0.955" /><testcase classname="core.tests.emails.test_tasks.TestSendVerificationEmail" name="test_marks_event_sent_on_success" time="0.945" /><testcase classname="core.tests.emails.test_tasks.TestAnonymizeOldEmailEvents" name="test_does_not_anonymize_recent_events" time="0.898" /><testcase classname="home.tests.HomeSetUpTests" name="test_root_create" time="0.026" /><testcase classname="core.tests.views.test_register.TestUserRegistrationForm" name="test_form_required_fields" time="0.005" /><testcase classname="home.tests.HomeTests" name="test_homepage_is_renderable" time="0.658" /><testcase classname="core.tests.views.test_register.TestUserRegistrationForm" name="test_form_password_widgets_are_password_input" time="0.003" /><testcase classname="core.tests.views.test_register.TestUserRegistrationForm" name="test_form_valid_with_newsletter_subscription" time="0.081" /><testcase classname="core.tests.views.test_register.TestUserRegistrationForm" name="test_form_valid_without_newsletter_subscription" time="0.004" /><testcase classname="core.tests.views.test_register.TestUserRegistrationView" name="test_registration_view_creates_user_and_sends_verification_email" time="1.476" /><testcase classname="core.tests.views.test_profile_edit.PasswordChangeViewTests" name="test_password_change_mismatch" time="3.760" /><testcase classname="core.tests.views.test_password_reset.TestPasswordResetConfirmView" name="test_valid_submission_changes_password" time="3.642" /><testcase classname="core.tests.views.test_profile_edit.ProfileEditViewTests" name="test_email_change_sends_email" time="0.951" /><testcase classname="home.tests.HomeTests" name="test_homepage_template_used" time="0.056" /><testcase classname="legal.tests.test_models.test_code_of_conduct.CodeOfConductPageTests" name="test_can_create_code_of_conduct_page_under_legal_index_page" time="0.011" /><testcase classname="legal.tests.test_models.test_code_of_conduct.CodeOfConductPageTests" name="test_cannot_create_code_of_conduct_page_under_other_pages" time="0.004" /><testcase classname="legal.tests.test_models.test_code_of_conduct.CodeOfConductPageTests" name="test_code_of_conduct_page_should_exist" time="0.015" /><testcase classname="legal.tests.test_models.test_code_of_conduct_consent.CodeOfConductConsentTests" name="test_create_consent" time="2.744" /><testcase classname="legal.tests.test_views.test_code_of_conduct_consent_view.TestCodeOfConductConsentViewPost" name="test_invalid_form_shows_errors" time="1.013" /><testcase classname="legal.tests.test_views.test_code_of_conduct_consent_view.TestCodeOfConductConsentViewGet" name="test_without_consent_shows_form" time="1.079" /><testcase classname="core.tests.views.test_profile_edit.ProfileEditViewTests" name="test_email_no_change_keeps_verified_status" time="1.649" /><testcase classname="core.tests.views.test_register.TestUserRegistrationView" name="test_registration_with_next_page_override_redirects_to_next_page" time="1.689" /><testcase classname="core.tests.views.test_login.TestLoginView" name="test_login_with_invalid_next_falls_back_to_default_redirect" time="2.791" /><testcase classname="legal.tests.test_views.test_code_of_conduct_consent_view.TestCodeOfConductConsentViewContext" name="test_context_includes_code_of_conduct_content" time="1.584" /><testcase classname="pedagogy.tests.test_models.test_pedagogy_card" name="test_table_of_contents_generation" time="0.055" /><testcase classname="pedagogy.tests.test_pedagogy_resource.PedagogyResourceTest" name="test_resource_mutual_exclusivity" time="0.049" /><testcase classname="pedagogy.tests.test_pedagogy_resource.PedagogyResourceTest" name="test_resource_required_fields" time="0.003" /><testcase classname="legal.tests.test_views.test_code_of_conduct_consent_view.TestCodeOfConductConsentViewPost" name="test_valid_form_creates_consent_and_redirects" time="1.644" /><testcase classname="publications.tests.test_models.ProjectPageModelTest" name="test_table_of_contents_extracts_headers" time="0.047" /><testcase classname="publications.tests.test_models.EventPageModelTest" name="test_event_creation_with_all_fields" time="0.140" /><testcase classname="publications.tests.test_models.EventPageModelTest" name="test_is_past_and_is_upcoming_properties" time="0.030" /><testcase classname="publications.tests.test_models.PublicationIndexPageModelTest" name="test_get_publications_filters_by_category" time="0.252" /><testcase classname="publications.tests.test_models.EventPageModelTest" name="test_is_past_uses_end_date_when_available" time="0.010" /><testcase classname="publications.tests.test_models.PublicationIndexPageModelTest" name="test_get_publications_filters_by_type" time="0.016" /><testcase classname="legal.tests.test_models.test_code_of_conduct_consent.CodeOfConductConsentTests" name="test_is_up_to_date_with_latest_revision" time="2.858" /><testcase classname="publications.tests.test_models.PublicationIndexPageModelTest" name="test_get_publications_ignores_invalid_category" time="0.010" /><testcase classname="publications.tests.test_models.EventPageModelTest" name="test_is_past_with_end_date_in_past" time="0.022" /><testcase classname="publications.tests.test_models.PublicationIndexPageModelTest" name="test_get_publications_pagination" time="1.026" /><testcase classname="publications.tests.test_models.PublicationIndexPageModelTest" name="test_get_context_returns_expected_keys" time="0.260" /><testcase classname="publications.tests.test_services.PublicationFiltersTest" name="test_default_values" time="0.003" /><testcase classname="publications.tests.test_services.PublicationFiltersTest" name="test_from_request_extracts_all_params" time="0.002" /><testcase classname="publications.tests.test_services.PublicationFiltersTest" name="test_from_request_with_missing_params_uses_defaults" time="0.005" /><testcase classname="publications.tests.test_services.FilterPublicationsByTypeTest" name="test_filter_by_all_returns_ordered" time="0.007" /><testcase classname="publications.tests.test_services.FilterPublicationsByCategoryTest" name="test_filter_with_invalid_category_returns_unchanged" time="0.018" /><testcase classname="publications.tests.test_services.FilterPublicationsByCategoryTest" name="test_filter_with_none_category_returns_unchanged" time="0.003" /><testcase classname="publications.tests.test_services.FilterPublicationsByCategoryTest" name="test_filter_with_valid_category" time="0.002" /><testcase classname="publications.tests.test_services.SearchPublicationsTest" name="test_empty_search_returns_unchanged" time="0.003" /><testcase classname="publications.tests.test_services.SearchPublicationsTest" name="test_search_filters_by_title_and_description" time="0.004" /><testcase classname="publications.tests.test_services.PaginatePublicationsTest" name="test_paginate_last_page" time="0.002" /><testcase classname="publications.tests.test_services.PaginatePublicationsTest" name="test_paginate_returns_page_object" time="0.002" /><testcase classname="publications.tests.test_services.PaginatePublicationsTest" name="test_paginate_second_page" time="0.002" /><testcase classname="publications.tests.test_services.PaginatePublicationsTest" name="test_paginate_with_custom_per_page" time="0.002" /><testcase classname="publications.tests.test_services.PaginatePublicationsTest" name="test_paginate_with_invalid_page_returns_last" time="0.002" /><testcase classname="publications.tests.test_services.PaginatePublicationsTest" name="test_paginate_with_none_page_returns_first" time="0.003" /><testcase classname="home.tests.HomeSetUpTests" name="test_homepage_create" time="0.042" /><testcase classname="publications.tests.test_vote.TestProjectVoting" name="test_project_with_voting_enabled" time="0.094" /><testcase classname="publications.tests.test_vote.TestProjectVoting" name="test_project_voting_with_end_date" time="0.060" /><testcase classname="publications.tests.test_external_link.ProjectExternalLinkTest" name="test_project_external_links_relation" time="0.159" /><testcase classname="publications.tests.test_external_link.ProjectExternalLinkTest" name="test_project_has_external_links_property" time="0.018" /><testcase classname="publications.tests.test_models.ProjectPageModelTest" name="test_project_all_categories_valid" time="0.325" /><testcase classname="core.tests.views.test_profile_edit.PasswordChangeViewTests" name="test_password_change_success" time="6.951" /><testcase classname="publications.tests.test_models.PublicationIndexPageModelTest" name="test_get_publications_search" time="0.080" /><testcase classname="core.tests.views.test_password_reset.TestPasswordResetConfirmView" name="test_mismatched_passwords_shows_error" time="2.850" /><testcase classname="publications.tests.test_models.ProjectPageModelTest" name="test_project_creation_with_default_category" time="0.026" /><testcase classname="publications.tests.test_services.FilterPublicationsByTypeTest" name="test_filter_by_events" time="0.007" /><testcase classname="publications.tests.test_services.FilterPublicationsByTypeTest" name="test_filter_by_projects" time="0.030" /><testcase classname="publications.tests.test_models.ProjectPageModelTest" name="test_table_of_contents_empty_when_no_content" time="0.017" /><testcase classname="publications.tests.test_services.FilterPublicationsByTypeTest" name="test_filter_by_unknown_type_returns_all" time="0.003" /><testcase classname="publications.tests.test_services.FilterPublicationsByCategoryTest" name="test_filter_with_empty_category_returns_unchanged" time="0.003" /><testcase classname="publications.tests.test_vote.TestFormResponseModel" name="test_create_form_response" time="1.412" /><testcase classname="publications.tests.test_vote.TestVoteAPI" name="test_submit_vote" time="1.456" /><testcase classname="publications.tests.test_vote.TestVoteAPI" name="test_get_vote_results_after_voting" time="1.557" /><testcase classname="publications.tests.test_vote.TestVoteAnonymization" name="test_submit_anonymous_vote" time="1.638" /><testcase classname="legal.tests.test_models.test_code_of_conduct_consent.CodeOfConductConsentTests" name="test_is_up_to_date_with_outdated_revision" time="2.597" /><testcase classname="pedagogy.tests.test_pedagogy_resource.PedagogyResourceTest" name="test_resource_with_document_valid" time="0.134" /><testcase classname="pedagogy.tests.test_pedagogy_resource.PedagogyResourceTest" name="test_resource_with_url_valid" time="0.008" /><testcase classname="publications.tests.test_external_link.ProjectExternalLinkTest" name="test_create_external_link" time="0.219" /><testcase classname="publications.tests.test_external_link.ProjectExternalLinkTest" name="test_create_external_link_without_tooltip" time="0.004" /><testcase classname="publications.tests.test_external_link.ProjectExternalLinkTest" name="test_external_link_url_required" time="0.007" /><testcase classname="publications.tests.test_external_link.ProjectExternalLinkTest" name="test_multiple_external_links" time="0.005" /><testcase classname="publications.tests.test_vote.TestFormResponseModel" name="test_unique_user_project_vote" time="1.399" /><testcase classname="publications.tests.test_vote.TestVoteAPI" name="test_update_vote" time="1.420" /><testcase classname="publications.tests.test_vote.TestVoteAPI" name="test_vote_requires_authentication" time="0.064" /><testcase classname="core.tests.views.test_logout.TestLogoutView" name="test_logout_redirects_to_home" time="2.816" /><testcase classname="publications.tests.test_vote.TestVoteAPI" name="test_invalid_choice" time="1.592" /><testcase classname="publications.tests.test_vote.TestVoteAnonymization" name="test_submit_non_anonymous_vote" time="1.552" /><testcase classname="publications.tests.test_vote.TestVoteAnonymization" name="test_update_vote_anonymization" time="1.590" /><testcase classname="publications.tests.test_vote.TestVoteAPI" name="test_delete_vote" time="1.488" /><testcase classname="publications.tests.test_vote.TestVoteAPI" name="test_vote_on_project_without_voting" time="1.023" /><testcase classname="legal.tests.test_models.test_code_of_conduct_consent.CodeOfConductConsentTests" name="test_str_representation" time="3.260" /><testcase classname="publications.tests.test_vote.TestVoteAnonymization" name="test_vote_anonymize_defaults_to_false" time="1.095" /><testcase classname="publications.tests.test_vote.TestVoteAnonymization" name="test_get_vote_results_includes_anonymize_status" time="0.916" /><testcase classname="publications.tests.test_vote_stats.TestVoteStatsView" name="test_accessible_by_admin" time="2.544" /><testcase classname="publications.tests.test_vote_stats.TestVoteStatsView" name="test_requires_admin_authentication" time="0.004" /><testcase classname="publications.tests.test_vote.TestVoteAPI" name="test_get_vote_results_not_voted" time="0.913" /><testcase classname="core.tests.views.test_logout.TestLogoutView" name="test_user_logged_out_after_logout" time="2.661" /><testcase classname="publications.tests.test_vote.TestVoteAPI" name="test_vote_on_closed_project" time="0.834" /><testcase classname="publications.tests.test_vote_stats.TestVoteStatsView" name="test_empty_state_when_no_projects" time="1.553" /><testcase classname="publications.tests.test_vote_stats.TestVoteStatsDetailView" name="test_non_anonymous_vote_shows_email_in_admin" time="3.447" /><testcase classname="core.tests.views.test_profile_edit.PasswordChangeViewTests" name="test_password_change_unauthenticated_redirects" time="1.296" /><testcase classname="publications.tests.test_vote_stats.TestVoteStatsDetailView" name="test_returns_404_for_nonexistent_project" time="2.180" /><testcase classname="legal.tests.test_models.test_code_of_conduct_consent.CodeOfConductConsentTests" name="test_unique_consent_per_version" time="1.886" /><testcase classname="publications.tests.test_vote_stats.TestVoteStatsDetailView" name="test_requires_admin_authentication" time="1.811" /><testcase classname="publications.tests.test_vote_stats.TestVoteStatsDetailView" name="test_displays_project_title" time="3.572" /><testcase classname="core.tests.views.test_logout.TestLogoutView" name="test_logout_only_accepts_post" time="2.459" /><testcase classname="publications.tests.test_vote_stats.TestVoteStatsView" name="test_displays_projects_with_voting_enabled" time="3.279" /><testcase classname="core.tests.views.test_profile_edit.PasswordChangeViewTests" name="test_password_change_weak_password" time="2.425" /><testcase classname="publications.tests.test_vote_stats.TestVoteStatsDetailView" name="test_project_without_votes_shows_empty_state" time="1.323" /><testcase classname="core.tests.views.test_logout.TestLogoutView" name="test_logout_when_not_authenticated" time="0.007" /><testcase classname="publications.tests.test_vote_stats.TestVoteStatsDetailView" name="test_anonymous_vote_hides_email_in_admin" time="1.834" /><testcase classname="legal.tests.test_models.test_code_of_conduct_consent.CodeOfConductConsentTests" name="test_user_can_consent_to_multiple_revisions" time="1.586" /><testcase classname="publications.tests.test_vote_stats.TestVoteStatsDetailView" name="test_accessible_by_admin" time="1.851" /><testcase classname="core.tests.views.test_logout.TestLogoutView" name="test_logout_clears_session" time="1.775" /><testcase classname="publications.tests.test_vote_stats.TestVoteStatsView" name="test_shows_vote_statistics" time="1.656" /><testcase classname="publications.tests.test_vote_stats.TestVoteStatsDetailView" name="test_displays_vote_breakdown" time="1.674" /><testcase classname="core.tests.emails.test_services.TestConsoleEmailService" name="test_send_email_returns_true" time="0.004" /><testcase classname="core.tests.emails.test_services.TestConsoleEmailService" name="test_send_email_prints_to_console" time="0.001" /><testcase classname="core.tests.emails.test_services.TestBrevoEmailService" name="test_send_email_failure_returns_raises_a" time="0.017" /><testcase classname="publications.tests.test_vote_stats.TestVoteStatsDetailViewAggregates" name="test_all_unfavorable_votes" time="2.393" /><testcase classname="core.tests.emails.test_services.TestGetEmailService" name="test_get_email_service_console" time="0.001" /><testcase classname="core.tests.emails.test_services.TestGetEmailService" name="test_get_email_service_brevo" time="0.015" /><testcase classname="core.tests.emails.test_services.TestGetEmailService" name="test_get_email_service_default_is_console" time="0.003" /><testcase classname="core.tests.emails.test_tokens.TestVerificationTokens" name="test_generate_verification_token_returns_string" time="0.002" /><testcase classname="core.tests.views.test_profile_edit.PasswordChangeViewTests" name="test_password_change_wrong_current_password" time="2.297" /><testcase classname="core.tests.emails.test_tokens.TestVerificationTokens" name="test_verify_verification_token_returns_user_uuid" time="0.002" /><testcase classname="core.tests.emails.test_tokens.TestVerificationTokens" name="test_verify_verification_token_invalid_returns_none" time="0.002" /><testcase classname="core.tests.emails.test_tokens.TestVerificationTokens" name="test_verify_verification_token_tampered_returns_none" time="0.001" /><testcase classname="core.tests.emails.test_tokens.TestVerificationTokens" name="test_verify_verification_token_expired_returns_none" time="2.004" /><testcase classname="core.tests.views.test_me.MeViewTests" name="test_me_authenticated_displays_profile" time="0.953" /><testcase classname="legal.tests.test_models.test_cookies_policy.CookiesPolicyPageTests" name="test_can_create_cookies_policy_page_under_legal_index_page" time="0.008" /><testcase classname="core.tests.emails.test_tokens.TestPasswordResetTokens" name="test_generate_password_reset_token_returns_string" time="0.013" /><testcase classname="core.tests.emails.test_tokens.TestPasswordResetTokens" name="test_verify_password_reset_token_returns_user_uuid" time="0.001" /><testcase classname="core.tests.emails.test_tokens.TestPasswordResetTokens" name="test_verify_password_reset_token_invalid_returns_none" time="0.003" /><testcase classname="core.tests.emails.test_tokens.TestPasswordResetTokens" name="test_verify_password_reset_token_tampered_returns_none" time="0.002" /><testcase classname="core.tests.emails.test_tokens.TestPasswordResetTokens" name="test_verify_password_reset_token_expired_returns_none" time="2.007" /><testcase classname="core.tests.views.test_me.MeViewTests" name="test_me_displays_all_user_fields" time="0.718" /><testcase classname="publications.tests.test_vote_stats.TestVoteStatsDetailView" name="test_displays_comments" time="1.874" /><testcase classname="core.tests.emails.test_services.TestBrevoEmailService" name="test_init_configures_api" time="0.008" /><testcase classname="core.tests.emails.test_services.TestBrevoEmailService" name="test_send_email_success_returns_true" time="0.010" /><testcase classname="core.tests.test_auth_mixins.TestPasswordValidationMixin" name="test_validate_password_strength_valid_password" time="0.003" /><testcase classname="core.tests.test_auth_mixins.TestPasswordValidationMixin" name="test_validate_password_strength_too_short" time="0.001" /><testcase classname="core.tests.test_auth_mixins.TestPasswordValidationMixin" name="test_validate_password_strength_no_uppercase" time="0.001" /><testcase classname="core.tests.test_auth_mixins.TestPasswordValidationMixin" name="test_validate_password_strength_no_digit" time="0.003" /><testcase classname="core.tests.test_auth_mixins.TestPasswordValidationMixin" name="test_validate_password_strength_empty_password" time="0.002" /><testcase classname="core.tests.test_auth_mixins.TestPasswordValidationMixin" name="test_validate_password_strength_none_password" time="0.002" /><testcase classname="core.tests.test_auth_mixins.TestJsonResponseMixin" name="test_json_error_response_with_field_errors" time="0.002" /><testcase classname="core.tests.test_auth_mixins.TestJsonResponseMixin" name="test_json_error_response_with_non_field_errors" time="0.001" /><testcase classname="core.tests.test_auth_mixins.TestJsonResponseMixin" name="test_json_error_response_custom_status" time="0.001" /><testcase classname="core.tests.test_auth_mixins.TestJsonResponseMixin" name="test_json_success_response" time="0.001" /><testcase classname="core.tests.test_get_client_ip" name="test_get_client_ip_x_forwarded_for" time="0.001" /><testcase classname="core.tests.test_get_client_ip" name="test_get_client_ip_x_forwarded_for_multiple" time="0.001" /><testcase classname="core.tests.test_get_client_ip" name="test_get_client_ip_remote_addr" time="0.001" /><testcase classname="core.tests.test_toc.TestGenerateHeaderIds" name="test_generate_header_ids_with_text_block" time="0.003" /><testcase classname="core.tests.test_toc.TestGenerateHeaderIds" name="test_generate_header_ids_with_rich_text_block" time="0.003" /><testcase classname="core.tests.test_toc.TestGenerateHeaderIds" name="test_generate_header_ids_with_rich_text_block_all_header_levels" time="0.015" /><testcase classname="core.tests.test_toc.TestGenerateHeaderIds" name="test_generate_header_ids_with_rich_text_block_special_characters" time="0.002" /><testcase classname="core.tests.test_toc.TestGenerateHeaderIds" name="test_generate_header_ids_ignores_other_block_types" time="0.002" /><testcase classname="core.tests.test_toc.TestGetTableOfContents" name="test_get_table_of_contents_with_text_block" time="0.002" /><testcase classname="core.tests.test_toc.TestGetTableOfContents" name="test_get_table_of_contents_with_rich_text_block" time="0.004" /><testcase classname="core.tests.test_toc.TestGetTableOfContents" name="test_get_table_of_contents_with_mixed_blocks" time="0.002" /><testcase classname="core.tests.test_toc.TestGetTableOfContents" name="test_get_table_of_contents_generates_id_if_missing" time="0.003" /><testcase classname="core.tests.test_toc.TestGetTableOfContents" name="test_get_table_of_contents_empty_content" time="0.001" /><testcase classname="core.tests.test_toc.TestGetTableOfContents" name="test_get_table_of_contents_no_headers" time="0.002" /><testcase classname="core.tests.test_toc.TestGetTableOfContents" name="test_get_table_of_contents_with_rich_text_block_preserves_order" time="0.002" /><testcase classname="legal.tests.test_forms.test_code_of_conduct_consent_form" name="test_code_of_conduct_consent_form_consent_required" time="0.002" /><testcase classname="legal.tests.test_utils.test_code_of_conduct_utils.TestHasValidCodeOfConductConsent" name="test_returns_false_when_no_consent_exists" time="0.003" /><testcase classname="legal.tests.test_utils.test_code_of_conduct_utils.TestHasValidCodeOfConductConsent" name="test_returns_false_when_consent_not_up_to_date" time="0.003" /><testcase classname="legal.tests.test_utils.test_code_of_conduct_utils.TestHasValidCodeOfConductConsent" name="test_returns_true_when_consent_is_valid" time="0.003" /><testcase classname="legal.tests.test_utils.test_code_of_conduct_utils.TestGetLatestCodeOfConductRevision" name="test_returns_latest_revision" time="0.003" /><testcase classname="legal.tests.test_utils.test_code_of_conduct_utils.TestCreateCodeOfConductConsentRecord" name="test_creates_consent_record" time="0.003" /><testcase classname="legal.tests.test_utils.test_code_of_conduct_utils.TestCreateCodeOfConductConsentRecord" name="test_creates_consent_record_without_ip" time="0.005" /><testcase classname="core.tests.emails.test_tokens.TestTokenSeparation" name="test_password_reset_token_not_valid_for_verification" time="0.005" /><testcase classname="core.tests.emails.test_tokens.TestVerificationTokens" name="test_different_user_uuids_generate_different_tokens" time="0.005" /><testcase classname="publications.tests.test_vote_stats.TestVoteStatsDetailViewAggregates" name="test_favorable_unfavorable_totals" time="4.920" /><testcase classname="core.tests.views.test_register.TestUserRegistrationForm" name="test_form_valid_with_all_correct_data" time="0.006" /><testcase classname="core.tests.emails.test_tokens.TestTokenSeparation" name="test_verification_token_not_valid_for_password_reset" time="0.005" /><testcase classname="publications.tests.test_vote_stats.TestVoteStatsDetailViewAggregates" name="test_zero_votes_percentages" time="0.664" /><testcase classname="publications.tests.test_vote_stats.TestVoteStatsDetailViewAggregates" name="test_favorable_unfavorable_percentages" time="4.481" /><testcase classname="publications.tests.test_vote_stats.TestVoteStatsDetailViewAggregates" name="test_all_favorable_votes" time="1.541" /><testcase classname="publications.tests.test_vote_stats.TestVoteStatsDetailViewAggregates" name="test_percentages_rounding" time="1.912" /><testcase classname="publications.tests.test_vote_stats.TestVoteStatsDetailViewAggregates" name="test_grouping_uses_correct_choices" time="3.446" /></testsuite></testsuites>
